<html>
<head>
<title>TestNG:  Command line test</title>
<link href="../testng.css" rel="stylesheet" type="text/css" />
<link href="../my-testng.css" rel="stylesheet" type="text/css" />

<style type="text/css">
.log { display: none;} 
.stack-trace { display: none;} 
</style>
<script type="text/javascript">
<!--
function flip(e) {
  current = e.style.display;
  if (current == 'block') {
    e.style.display = 'none';
    return 0;
  }
  else {
    e.style.display = 'block';
    return 1;
  }
}

function toggleBox(szDivId, elem, msg1, msg2)
{
  var res = -1;  if (document.getElementById) {
    res = flip(document.getElementById(szDivId));
  }
  else if (document.all) {
    // this is the way old msie versions work
    res = flip(document.all[szDivId]);
  }
  if(elem) {
    if(res == 0) elem.innerHTML = msg1; else elem.innerHTML = msg2;
  }

}

function toggleAllBoxes() {
  if (document.getElementsByTagName) {
    d = document.getElementsByTagName('div');
    for (i = 0; i < d.length; i++) {
      if (d[i].className == 'log') {
        flip(d[i]);
      }
    }
  }
}

// -->
</script>

</head>
<body>
<h2 align='center'>Command line test</h2><table border='1' align="center">
<tr>
<td>Tests passed/Failed/Skipped:</td><td>9/3/0</td>
</tr><tr>
<td>Started on:</td><td>Wed Oct 02 00:09:31 IST 2019</td>
</tr>
<tr><td>Total time:</td><td>1 seconds (1296 ms)</td>
</tr><tr>
<td>Included groups:</td><td></td>
</tr><tr>
<td>Excluded groups:</td><td></td>
</tr>
</table><p/>
<small><i>(Hover the method name to see the test class name)</i></small><p/>
<table width='100%' border='1' class='invocation-failed'>
<tr><td colspan='4' align='center'><b>FAILED TESTS</b></td></tr>
<tr><td><b>Test method</b></td>
<td width="30%"><b>Exception</b></td>
<td width="10%"><b>Time (seconds)</b></td>
<td><b>Instance</b></td>
</tr>
<tr>
<td title='ListenerExample.FailedTest()'><b>FailedTest</b><br>Test class: ListenerExample<br/>
<a href="#Output-221036634" onClick='toggleBox("Output-221036634", this, "Show output", "Hide output");'>Show output</a>

<a href="#Output-221036634" onClick="toggleAllBoxes();">Show all outputs</a>
<div class='log' id="Output-221036634">
FAILED <br/>
1569955171204<br/>
null<br/>
ListenerExample<br/>
</div>
</td>
<td><div><pre>java.lang.AssertionError: expected [true] but found [false]
	at ListenerExample.FailedTest(ListenerExample.java:27)
... Removed 38 stack frames</pre></div><a href='#' onClick='toggleBox("stack-trace221036634", this, "Click to show all stack frames", "Click to hide stack frames")'>Click to show all stack frames</a>
<div class='stack-trace' id='stack-trace221036634'><pre>java.lang.AssertionError: expected [true] but found [false]
	at org.testng.Assert.fail(Assert.java:94)
	at org.testng.Assert.failNotEquals(Assert.java:496)
	at org.testng.Assert.assertEquals(Assert.java:125)
	at org.testng.Assert.assertEquals(Assert.java:288)
	at org.testng.Assert.assertEquals(Assert.java:298)
	at ListenerExample.FailedTest(ListenerExample.java:27)
	at sun.reflect.NativeMethodAccessorImpl.invoke0(Native Method)
	at sun.reflect.NativeMethodAccessorImpl.invoke(NativeMethodAccessorImpl.java:62)
	at sun.reflect.DelegatingMethodAccessorImpl.invoke(DelegatingMethodAccessorImpl.java:43)
	at java.lang.reflect.Method.invoke(Method.java:497)
	at org.testng.internal.MethodInvocationHelper.invokeMethod(MethodInvocationHelper.java:85)
	at org.testng.internal.Invoker.invokeMethod(Invoker.java:659)
	at org.testng.internal.Invoker.invokeTestMethod(Invoker.java:845)
	at org.testng.internal.Invoker.invokeTestMethods(Invoker.java:1153)
	at org.testng.internal.TestMethodWorker.invokeTestMethods(TestMethodWorker.java:125)
	at org.testng.internal.TestMethodWorker.run(TestMethodWorker.java:108)
	at org.testng.TestRunner.privateRun(TestRunner.java:771)
	at org.testng.TestRunner.run(TestRunner.java:621)
	at org.testng.SuiteRunner.runTest(SuiteRunner.java:357)
	at org.testng.SuiteRunner.runSequentially(SuiteRunner.java:352)
	at org.testng.SuiteRunner.privateRun(SuiteRunner.java:310)
	at org.testng.SuiteRunner.run(SuiteRunner.java:259)
	at org.testng.SuiteRunnerWorker.runSuite(SuiteRunnerWorker.java:52)
	at org.testng.SuiteRunnerWorker.run(SuiteRunnerWorker.java:86)
	at org.testng.TestNG.runSuitesSequentially(TestNG.java:1199)
	at org.testng.TestNG.runSuitesLocally(TestNG.java:1124)
	at org.testng.TestNG.run(TestNG.java:1032)
	at org.apache.maven.surefire.testng.TestNGExecutor.run(TestNGExecutor.java:77)
	at org.apache.maven.surefire.testng.TestNGDirectoryTestSuite.execute(TestNGDirectoryTestSuite.java:110)
	at org.apache.maven.surefire.testng.TestNGProvider.invoke(TestNGProvider.java:106)
	at sun.reflect.NativeMethodAccessorImpl.invoke0(Native Method)
	at sun.reflect.NativeMethodAccessorImpl.invoke(NativeMethodAccessorImpl.java:62)
	at sun.reflect.DelegatingMethodAccessorImpl.invoke(DelegatingMethodAccessorImpl.java:43)
	at java.lang.reflect.Method.invoke(Method.java:497)
	at org.apache.maven.surefire.util.ReflectionUtils.invokeMethodWithArray(ReflectionUtils.java:189)
	at org.apache.maven.surefire.booter.ProviderFactory$ProviderProxy.invoke(ProviderFactory.java:165)
	at org.apache.maven.surefire.booter.ProviderFactory.invokeProvider(ProviderFactory.java:85)
	at org.apache.maven.surefire.booter.ForkedBooter.runSuitesInProcess(ForkedBooter.java:115)
	at org.apache.maven.surefire.booter.ForkedBooter.main(ForkedBooter.java:75)
</pre></div></td>
<td>0</td>
<td>ListenerExample@1936f0f5</td></tr>
<tr>
<td title='ListenerExample.FailedTest()'><b>FailedTest</b><br>Test class: ListenerExample<br/>
<a href="#Output-243194708" onClick='toggleBox("Output-243194708", this, "Show output", "Hide output");'>Show output</a>

<a href="#Output-243194708" onClick="toggleAllBoxes();">Show all outputs</a>
<div class='log' id="Output-243194708">
FAILED <br/>
1569955172394<br/>
null<br/>
ListenerExample<br/>
</div>
</td>
<td><div><pre>java.lang.AssertionError: expected [true] but found [false]
	at ListenerExample.FailedTest(ListenerExample.java:27)
... Removed 38 stack frames</pre></div><a href='#' onClick='toggleBox("stack-trace243194708", this, "Click to show all stack frames", "Click to hide stack frames")'>Click to show all stack frames</a>
<div class='stack-trace' id='stack-trace243194708'><pre>java.lang.AssertionError: expected [true] but found [false]
	at org.testng.Assert.fail(Assert.java:94)
	at org.testng.Assert.failNotEquals(Assert.java:496)
	at org.testng.Assert.assertEquals(Assert.java:125)
	at org.testng.Assert.assertEquals(Assert.java:288)
	at org.testng.Assert.assertEquals(Assert.java:298)
	at ListenerExample.FailedTest(ListenerExample.java:27)
	at sun.reflect.NativeMethodAccessorImpl.invoke0(Native Method)
	at sun.reflect.NativeMethodAccessorImpl.invoke(NativeMethodAccessorImpl.java:62)
	at sun.reflect.DelegatingMethodAccessorImpl.invoke(DelegatingMethodAccessorImpl.java:43)
	at java.lang.reflect.Method.invoke(Method.java:497)
	at org.testng.internal.MethodInvocationHelper.invokeMethod(MethodInvocationHelper.java:85)
	at org.testng.internal.Invoker.invokeMethod(Invoker.java:659)
	at org.testng.internal.Invoker.invokeTestMethod(Invoker.java:845)
	at org.testng.internal.Invoker.invokeTestMethods(Invoker.java:1153)
	at org.testng.internal.TestMethodWorker.invokeTestMethods(TestMethodWorker.java:125)
	at org.testng.internal.TestMethodWorker.run(TestMethodWorker.java:108)
	at org.testng.TestRunner.privateRun(TestRunner.java:771)
	at org.testng.TestRunner.run(TestRunner.java:621)
	at org.testng.SuiteRunner.runTest(SuiteRunner.java:357)
	at org.testng.SuiteRunner.runSequentially(SuiteRunner.java:352)
	at org.testng.SuiteRunner.privateRun(SuiteRunner.java:310)
	at org.testng.SuiteRunner.run(SuiteRunner.java:259)
	at org.testng.SuiteRunnerWorker.runSuite(SuiteRunnerWorker.java:52)
	at org.testng.SuiteRunnerWorker.run(SuiteRunnerWorker.java:86)
	at org.testng.TestNG.runSuitesSequentially(TestNG.java:1199)
	at org.testng.TestNG.runSuitesLocally(TestNG.java:1124)
	at org.testng.TestNG.run(TestNG.java:1032)
	at org.apache.maven.surefire.testng.TestNGExecutor.run(TestNGExecutor.java:77)
	at org.apache.maven.surefire.testng.TestNGDirectoryTestSuite.execute(TestNGDirectoryTestSuite.java:110)
	at org.apache.maven.surefire.testng.TestNGProvider.invoke(TestNGProvider.java:106)
	at sun.reflect.NativeMethodAccessorImpl.invoke0(Native Method)
	at sun.reflect.NativeMethodAccessorImpl.invoke(NativeMethodAccessorImpl.java:62)
	at sun.reflect.DelegatingMethodAccessorImpl.invoke(DelegatingMethodAccessorImpl.java:43)
	at java.lang.reflect.Method.invoke(Method.java:497)
	at org.apache.maven.surefire.util.ReflectionUtils.invokeMethodWithArray(ReflectionUtils.java:189)
	at org.apache.maven.surefire.booter.ProviderFactory$ProviderProxy.invoke(ProviderFactory.java:165)
	at org.apache.maven.surefire.booter.ProviderFactory.invokeProvider(ProviderFactory.java:85)
	at org.apache.maven.surefire.booter.ForkedBooter.runSuitesInProcess(ForkedBooter.java:115)
	at org.apache.maven.surefire.booter.ForkedBooter.main(ForkedBooter.java:75)
</pre></div></td>
<td>0</td>
<td>ListenerExample@6615435c</td></tr>
<tr>
<td title='ListenerExample.FailedTest()'><b>FailedTest</b><br>Test class: ListenerExample<br/>
<a href="#Output-1926096844" onClick='toggleBox("Output-1926096844", this, "Show output", "Hide output");'>Show output</a>

<a href="#Output-1926096844" onClick="toggleAllBoxes();">Show all outputs</a>
<div class='log' id="Output-1926096844">
FAILED <br/>
1569955172435<br/>
null<br/>
ListenerExample<br/>
</div>
</td>
<td><div><pre>java.lang.AssertionError: expected [true] but found [false]
	at ListenerExample.FailedTest(ListenerExample.java:27)
... Removed 38 stack frames</pre></div><a href='#' onClick='toggleBox("stack-trace1926096844", this, "Click to show all stack frames", "Click to hide stack frames")'>Click to show all stack frames</a>
<div class='stack-trace' id='stack-trace1926096844'><pre>java.lang.AssertionError: expected [true] but found [false]
	at org.testng.Assert.fail(Assert.java:94)
	at org.testng.Assert.failNotEquals(Assert.java:496)
	at org.testng.Assert.assertEquals(Assert.java:125)
	at org.testng.Assert.assertEquals(Assert.java:288)
	at org.testng.Assert.assertEquals(Assert.java:298)
	at ListenerExample.FailedTest(ListenerExample.java:27)
	at sun.reflect.NativeMethodAccessorImpl.invoke0(Native Method)
	at sun.reflect.NativeMethodAccessorImpl.invoke(NativeMethodAccessorImpl.java:62)
	at sun.reflect.DelegatingMethodAccessorImpl.invoke(DelegatingMethodAccessorImpl.java:43)
	at java.lang.reflect.Method.invoke(Method.java:497)
	at org.testng.internal.MethodInvocationHelper.invokeMethod(MethodInvocationHelper.java:85)
	at org.testng.internal.Invoker.invokeMethod(Invoker.java:659)
	at org.testng.internal.Invoker.invokeTestMethod(Invoker.java:845)
	at org.testng.internal.Invoker.invokeTestMethods(Invoker.java:1153)
	at org.testng.internal.TestMethodWorker.invokeTestMethods(TestMethodWorker.java:125)
	at org.testng.internal.TestMethodWorker.run(TestMethodWorker.java:108)
	at org.testng.TestRunner.privateRun(TestRunner.java:771)
	at org.testng.TestRunner.run(TestRunner.java:621)
	at org.testng.SuiteRunner.runTest(SuiteRunner.java:357)
	at org.testng.SuiteRunner.runSequentially(SuiteRunner.java:352)
	at org.testng.SuiteRunner.privateRun(SuiteRunner.java:310)
	at org.testng.SuiteRunner.run(SuiteRunner.java:259)
	at org.testng.SuiteRunnerWorker.runSuite(SuiteRunnerWorker.java:52)
	at org.testng.SuiteRunnerWorker.run(SuiteRunnerWorker.java:86)
	at org.testng.TestNG.runSuitesSequentially(TestNG.java:1199)
	at org.testng.TestNG.runSuitesLocally(TestNG.java:1124)
	at org.testng.TestNG.run(TestNG.java:1032)
	at org.apache.maven.surefire.testng.TestNGExecutor.run(TestNGExecutor.java:77)
	at org.apache.maven.surefire.testng.TestNGDirectoryTestSuite.execute(TestNGDirectoryTestSuite.java:110)
	at org.apache.maven.surefire.testng.TestNGProvider.invoke(TestNGProvider.java:106)
	at sun.reflect.NativeMethodAccessorImpl.invoke0(Native Method)
	at sun.reflect.NativeMethodAccessorImpl.invoke(NativeMethodAccessorImpl.java:62)
	at sun.reflect.DelegatingMethodAccessorImpl.invoke(DelegatingMethodAccessorImpl.java:43)
	at java.lang.reflect.Method.invoke(Method.java:497)
	at org.apache.maven.surefire.util.ReflectionUtils.invokeMethodWithArray(ReflectionUtils.java:189)
	at org.apache.maven.surefire.booter.ProviderFactory$ProviderProxy.invoke(ProviderFactory.java:165)
	at org.apache.maven.surefire.booter.ProviderFactory.invokeProvider(ProviderFactory.java:85)
	at org.apache.maven.surefire.booter.ForkedBooter.runSuitesInProcess(ForkedBooter.java:115)
	at org.apache.maven.surefire.booter.ForkedBooter.main(ForkedBooter.java:75)
</pre></div></td>
<td>0</td>
<td>ListenerExample@6b143ee9</td></tr>
</table><p>
<table width='100%' border='1' class='invocation-passed'>
<tr><td colspan='4' align='center'><b>PASSED TESTS</b></td></tr>
<tr><td><b>Test method</b></td>
<td width="30%"><b>Exception</b></td>
<td width="10%"><b>Time (seconds)</b></td>
<td><b>Instance</b></td>
</tr>
<tr>
<td title='ListenerExample.passedTEst()'><b>passedTEst</b><br>Test class: ListenerExample<br/>
<a href="#Output-710714889" onClick='toggleBox("Output-710714889", this, "Show output", "Hide output");'>Show output</a>

<a href="#Output-710714889" onClick="toggleAllBoxes();">Show all outputs</a>
<div class='log' id="Output-710714889">
Test SUCESSFULL<br/>
</div>
</td>
<td></td>
<td>0</td>
<td>ListenerExample@1936f0f5</td></tr>
<tr>
<td title='ListenerExample.passedTEst()'><b>passedTEst</b><br>Test class: ListenerExample<br/>
<a href="#Output-926434463" onClick='toggleBox("Output-926434463", this, "Show output", "Hide output");'>Show output</a>

<a href="#Output-926434463" onClick="toggleAllBoxes();">Show all outputs</a>
<div class='log' id="Output-926434463">
Test SUCESSFULL<br/>
</div>
</td>
<td></td>
<td>0</td>
<td>ListenerExample@6615435c</td></tr>
<tr>
<td title='ListenerExample.passedTEst()'><b>passedTEst</b><br>Test class: ListenerExample<br/>
<a href="#Output-1768792843" onClick='toggleBox("Output-1768792843", this, "Show output", "Hide output");'>Show output</a>

<a href="#Output-1768792843" onClick="toggleAllBoxes();">Show all outputs</a>
<div class='log' id="Output-1768792843">
Test SUCESSFULL<br/>
</div>
</td>
<td></td>
<td>0</td>
<td>ListenerExample@6b143ee9</td></tr>
<tr>
<td title='ListenerExample.passedTEst2()'><b>passedTEst2</b><br>Test class: ListenerExample<br/>
<a href="#Output-551734240" onClick='toggleBox("Output-551734240", this, "Show output", "Hide output");'>Show output</a>

<a href="#Output-551734240" onClick="toggleAllBoxes();">Show all outputs</a>
<div class='log' id="Output-551734240">
Test SUCESSFULL<br/>
</div>
</td>
<td></td>
<td>0</td>
<td>ListenerExample@1936f0f5</td></tr>
<tr>
<td title='ListenerExample.passedTEst2()'><b>passedTEst2</b><br>Test class: ListenerExample<br/>
<a href="#Output-1776409896" onClick='toggleBox("Output-1776409896", this, "Show output", "Hide output");'>Show output</a>

<a href="#Output-1776409896" onClick="toggleAllBoxes();">Show all outputs</a>
<div class='log' id="Output-1776409896">
Test SUCESSFULL<br/>
</div>
</td>
<td></td>
<td>0</td>
<td>ListenerExample@6615435c</td></tr>
<tr>
<td title='ListenerExample.passedTEst2()'><b>passedTEst2</b><br>Test class: ListenerExample<br/>
<a href="#Output-1316557528" onClick='toggleBox("Output-1316557528", this, "Show output", "Hide output");'>Show output</a>

<a href="#Output-1316557528" onClick="toggleAllBoxes();">Show all outputs</a>
<div class='log' id="Output-1316557528">
Test SUCESSFULL<br/>
</div>
</td>
<td></td>
<td>0</td>
<td>ListenerExample@6b143ee9</td></tr>
<tr>
<td title='ListenerExample.readExcel()'><b>readExcel</b><br>Test class: ListenerExample<br/>
<a href="#Output-1950701640" onClick='toggleBox("Output-1950701640", this, "Show output", "Hide output");'>Show output</a>

<a href="#Output-1950701640" onClick="toggleAllBoxes();">Show all outputs</a>
<div class='log' id="Output-1950701640">
Test SUCESSFULL<br/>
</div>
</td>
<td></td>
<td>1</td>
<td>ListenerExample@1936f0f5</td></tr>
<tr>
<td title='ListenerExample.readExcel()'><b>readExcel</b><br>Test class: ListenerExample<br/>
<a href="#Output-1728579441" onClick='toggleBox("Output-1728579441", this, "Show output", "Hide output");'>Show output</a>

<a href="#Output-1728579441" onClick="toggleAllBoxes();">Show all outputs</a>
<div class='log' id="Output-1728579441">
Test SUCESSFULL<br/>
</div>
</td>
<td></td>
<td>0</td>
<td>ListenerExample@6615435c</td></tr>
<tr>
<td title='ListenerExample.readExcel()'><b>readExcel</b><br>Test class: ListenerExample<br/>
<a href="#Output-199449817" onClick='toggleBox("Output-199449817", this, "Show output", "Hide output");'>Show output</a>

<a href="#Output-199449817" onClick="toggleAllBoxes();">Show all outputs</a>
<div class='log' id="Output-199449817">
Test SUCESSFULL<br/>
</div>
</td>
<td></td>
<td>0</td>
<td>ListenerExample@6b143ee9</td></tr>
</table><p>
</body>
</html>